#
# A fatal error has been detected by the Java Runtime Environment:
#
#  EXCEPTION_ACCESS_VIOLATION (0xc0000005) at pc=0x57e03dea, pid=7148, tid=0x00003b60
#
# JRE version: Java(TM) SE Runtime Environment (8.0_102-b14) (build 1.8.0_102-b14)
# Java VM: Java HotSpot(TM) Client VM (25.102-b14 mixed mode windows-x86 )
# Problematic frame:
# C  [TpsdkServer.dll+0x73dea]
#
# Failed to write core dump. Minidumps are not enabled by default on client versions of Windows
#
# If you would like to submit a bug report, please visit:
#   http://bugreport.java.com/bugreport/crash.jsp
#

---------------  T H R E A D  ---------------

Current thread (0x029ecc00):  VMThread [stack: 0x45210000,0x45310000] [id=15200]

siginfo: ExceptionCode=0xc0000005, reading address 0x00000064

Registers:
EAX=0x00000000, EBX=0x528dc7c8, ECX=0x4bd3fc00, EDX=0x4530f4e0
ESP=0x4530f4c4, EBP=0x4530f50c, ESI=0x029ecd40, EDI=0x528dc7cc
EIP=0x57e03dea, EFLAGS=0x00010206

Top of Stack: (sp=0x4530f4c4)
0x4530f4c4:   029ecd40 4bd3fc00 f728ae1a 52ceed68
0x4530f4d4:   0094e8b8 52b15a30 528dc7cc 029ecd40
0x4530f4e4:   fffffffe 00000000 00000000 00000064
0x4530f4f4:   52ceece8 00000000 00000000 4530f538
0x4530f504:   57e3fbf2 00000000 4530f51c 57dcf955
0x4530f514:   00000000 57e47ba4 4530f544 66c700dd
0x4530f524:   51a9c570 00000000 d861fe30 00000063
0x4530f534:   52ceed68 4530f56c 66c91120 ffffffff 

Instructions: (pc=0x57e03dea)
0x57e03dca:   c0 8b 4d f4 64 89 0d 00 00 00 00 59 5f 5e 5b 8b
0x57e03dda:   e5 5d c2 04 00 8b 4b 0c 85 c9 74 6d 8b 06 51 56
0x57e03dea:   8b 40 64 ff d0 8b d8 85 db 74 60 8b 06 6a 00 53
0x57e03dfa:   56 8b 40 60 ff d0 84 c0 75 51 0f b7 45 08 50 53 


Register to memory mapping:

EAX=
[error occurred during error reporting (printing register info), id 0xc0000005]

Stack: [0x45210000,0x45310000],  sp=0x4530f4c4,  free space=1021k
Native frames: (J=compiled Java code, j=interpreted, Vv=VM code, C=native code)
C  [TpsdkServer.dll+0x73dea]
C  [TpsdkServer.dll+0x3f955]
C  [Symman.dll+0x600dd]
C  [Symman.dll+0x6014b]
C  [Symman.dll+0x5c05c]
C  [Symman.dll+0x5c0ab]
C  [Symman.dll+0x5fd69]
C  [Symman.dll+0x23025]
C  [Symman.dll+0x22d93]
C  [Symman.dll+0x8313c]
C  [ucrtbase.dll+0x2a9ac]
C  [ucrtbase.dll+0x2a97a]
C  [Symman.dll+0x608df]
C  [Symman.dll+0x6150a]
C  [Symman.dll+0x6174d]
C  [Symman.dll+0x617e0]
C  [ntdll.dll+0x72ab6]
C  [ntdll.dll+0x4de02]
C  [ntdll.dll+0x5d912]
C  [ntdll.dll+0x5d795]
C  [KERNEL32.DLL+0x25993]
C  [MSVCR100.dll+0x27997]
C  [MSVCR100.dll+0x27ab0]
C  [MSVCR100.dll+0x27b1d]
V  [jvm.dll+0x1590b2]
V  [jvm.dll+0x182a8d]
V  [jvm.dll+0x181ee1]
V  [jvm.dll+0x1822f7]
V  [jvm.dll+0x1824f2]
V  [jvm.dll+0x1c2506]
C  [MSVCR100.dll+0x5c556]
C  [MSVCR100.dll+0x5c600]
C  [KERNEL32.DLL+0x200f9]
C  [ntdll.dll+0x67bbe]
C  [ntdll.dll+0x67b8e]

VM_Operation (0x006ff2d0): Exit, mode: safepoint, requested by thread 0x008fc400


---------------  P R O C E S S  ---------------

Java Threads: ( => current thread )
  0x4c311400 JavaThread "Worker-32: Terminating EdgeDetector Debug-Ploca" [_thread_blocked, id=10128, stack(0x4f300000,0x4f400000)]
  0x478ae400 JavaThread "Worker-30: Restart" [_thread_blocked, id=31004, stack(0x52450000,0x52550000)]
  0x4c312800 JavaThread "com.analog.crosscore.debug.debugModel - 1" [_thread_blocked, id=32016, stack(0x4fcc0000,0x4fdc0000)]
  0x4c30dc00 JavaThread "Worker-14: CCES Command Send" [_thread_in_native, id=31768, stack(0x53450000,0x53550000)]
  0x478af800 JavaThread "EMF Reference Cleaner" daemon [_thread_blocked, id=30348, stack(0x4aff0000,0x4b0f0000)]
  0x477b9000 JavaThread "Thread-4" [_thread_blocked, id=35924, stack(0x4ac70000,0x4ad70000)]
  0x477b8000 JavaThread "Thread-3" daemon [_thread_in_native, id=16456, stack(0x4ab70000,0x4ac70000)]
  0x4778d000 JavaThread "Thread-2" daemon [_thread_in_native, id=35188, stack(0x4aa70000,0x4ab70000)]
  0x4535d800 JavaThread "Service Thread" daemon [_thread_blocked, id=27604, stack(0x45c90000,0x45d90000)]
  0x4534ac00 JavaThread "C1 CompilerThread0" daemon [_thread_blocked, id=3392, stack(0x45b50000,0x45c50000)]
  0x45349000 JavaThread "Attach Listener" daemon [_thread_blocked, id=21028, stack(0x45a10000,0x45b10000)]
  0x45347000 JavaThread "Signal Dispatcher" daemon [_thread_blocked, id=13488, stack(0x458d0000,0x459d0000)]
  0x45329c00 JavaThread "Finalizer" daemon [_thread_blocked, id=25164, stack(0x45690000,0x45790000)]
  0x45313c00 JavaThread "Reference Handler" daemon [_thread_blocked, id=18984, stack(0x45550000,0x45650000)]
  0x008fc400 JavaThread "main" [_thread_blocked, id=20624, stack(0x00600000,0x00700000)]

Other Threads:
=>0x029ecc00 VMThread [stack: 0x45210000,0x45310000] [id=15200]

VM state:at safepoint (shutting down)

VM Mutex/Monitor currently owned by a thread:  ([mutex/lock_event])
[0x008fbf48] Threads_lock - owner thread: 0x029ecc00

Heap:
 def new generation   total 43328K, used 30046K [0x04a00000, 0x07900000, 0x19f50000)
  eden space 38528K,  75% used [0x04a00000, 0x0663a210, 0x06fa0000)
  from space 4800K,  23% used [0x07450000, 0x0756d708, 0x07900000)
  to   space 4800K,   0% used [0x06fa0000, 0x06fa0000, 0x07450000)
 tenured generation   total 96024K, used 94354K [0x19f50000, 0x1fd16000, 0x44a00000)
   the space 96024K,  98% used [0x19f50000, 0x1fb749a0, 0x1fb74a00, 0x1fd16000)
 Metaspace       used 56291K, capacity 60427K, committed 60544K, reserved 60800K

Card table byte_map: [0x44a00000,0x44c10000] byte_map_base: 0x449db000

Polling page: 0x024b0000

CodeCache: size=32768Kb used=7746Kb max_used=8097Kb free=25021Kb
 bounds [0x029f0000, 0x031f0000, 0x049f0000]
 total_blobs=3760 nmethods=3483 adapters=202
 compilation: enabled

Compilation events (10 events):
Event: 40669.349 Thread 0x4534ac00 92387             java.util.concurrent.locks.ReentrantLock$Sync::nonfairTryAcquire (67 bytes)
Event: 40669.349 Thread 0x4534ac00 nmethod 92387 0x02c4f7c8 code [0x02c4f8d0, 0x02c4fa4c]
Event: 40669.349 Thread 0x4534ac00 92388             java.util.concurrent.locks.ReentrantLock$NonfairSync::tryAcquire (6 bytes)
Event: 40669.349 Thread 0x4534ac00 nmethod 92388 0x0311fdc8 code [0x0311fec0, 0x0311ff4c]
Event: 40669.353 Thread 0x4534ac00 92389  s          java.util.Hashtable::clear (38 bytes)
Event: 40669.353 Thread 0x4534ac00 nmethod 92389 0x02ea22c8 code [0x02ea23d0, 0x02ea25e0]
Event: 40669.354 Thread 0x4534ac00 92390             java.util.concurrent.locks.ReentrantLock::lock (8 bytes)
Event: 40669.354 Thread 0x4534ac00 nmethod 92390 0x02cdbe88 code [0x02cdbf90, 0x02cdc02c]
Event: 40669.355 Thread 0x4534ac00 92391             java.util.concurrent.locks.ReentrantLock$Sync::isHeldExclusively (16 bytes)
Event: 40669.355 Thread 0x4534ac00 nmethod 92391 0x02cdbc88 code [0x02cdbd80, 0x02cdbe20]

GC Heap History (10 events):
Event: 40552.238 GC heap before
{Heap before GC invocations=1111 (full 12):
 def new generation   total 43328K, used 39055K [0x04a00000, 0x07900000, 0x19f50000)
  eden space 38528K, 100% used [0x04a00000, 0x06fa0000, 0x06fa0000)
  from space 4800K,  10% used [0x06fa0000, 0x07023e88, 0x07450000)
  to   space 4800K,   0% used [0x07450000, 0x07450000, 0x07900000)
 tenured generation   total 96024K, used 92657K [0x19f50000, 0x1fd16000, 0x44a00000)
   the space 96024K,  96% used [0x19f50000, 0x1f9cc600, 0x1f9cc600, 0x1fd16000)
 Metaspace       used 55966K, capacity 60015K, committed 60032K, reserved 60800K
Event: 40552.243 GC heap after
Heap after GC invocations=1112 (full 12):
 def new generation   total 43328K, used 309K [0x04a00000, 0x07900000, 0x19f50000)
  eden space 38528K,   0% used [0x04a00000, 0x04a00000, 0x06fa0000)
  from space 4800K,   6% used [0x07450000, 0x0749d7f8, 0x07900000)
  to   space 4800K,   0% used [0x06fa0000, 0x06fa0000, 0x07450000)
 tenured generation   total 96024K, used 92657K [0x19f50000, 0x1fd16000, 0x44a00000)
   the space 96024K,  96% used [0x19f50000, 0x1f9cc600, 0x1f9cc600, 0x1fd16000)
 Metaspace       used 55966K, capacity 60015K, committed 60032K, reserved 60800K
}
Event: 40552.457 GC heap before
{Heap before GC invocations=1112 (full 12):
 def new generation   total 43328K, used 38837K [0x04a00000, 0x07900000, 0x19f50000)
  eden space 38528K, 100% used [0x04a00000, 0x06fa0000, 0x06fa0000)
  from space 4800K,   6% used [0x07450000, 0x0749d7f8, 0x07900000)
  to   space 4800K,   0% used [0x06fa0000, 0x06fa0000, 0x07450000)
 tenured generation   total 96024K, used 92657K [0x19f50000, 0x1fd16000, 0x44a00000)
   the space 96024K,  96% used [0x19f50000, 0x1f9cc600, 0x1f9cc600, 0x1fd16000)
 Metaspace       used 55966K, capacity 60015K, committed 60032K, reserved 60800K
Event: 40552.463 GC heap after
Heap after GC invocations=1113 (full 12):
 def new generation   total 43328K, used 586K [0x04a00000, 0x07900000, 0x19f50000)
  eden space 38528K,   0% used [0x04a00000, 0x04a00000, 0x06fa0000)
  from space 4800K,  12% used [0x06fa0000, 0x07032920, 0x07450000)
  to   space 4800K,   0% used [0x07450000, 0x07450000, 0x07900000)
 tenured generation   total 96024K, used 92657K [0x19f50000, 0x1fd16000, 0x44a00000)
   the space 96024K,  96% used [0x19f50000, 0x1f9cc600, 0x1f9cc600, 0x1fd16000)
 Metaspace       used 55966K, capacity 60015K, committed 60032K, reserved 60800K
}
Event: 40553.826 GC heap before
{Heap before GC invocations=1113 (full 12):
 def new generation   total 43328K, used 39114K [0x04a00000, 0x07900000, 0x19f50000)
  eden space 38528K, 100% used [0x04a00000, 0x06fa0000, 0x06fa0000)
  from space 4800K,  12% used [0x06fa0000, 0x07032920, 0x07450000)
  to   space 4800K,   0% used [0x07450000, 0x07450000, 0x07900000)
 tenured generation   total 96024K, used 92657K [0x19f50000, 0x1fd16000, 0x44a00000)
   the space 96024K,  96% used [0x19f50000, 0x1f9cc600, 0x1f9cc600, 0x1fd16000)
 Metaspace       used 55966K, capacity 60015K, committed 60032K, reserved 60800K
Event: 40553.831 GC heap after
Heap after GC invocations=1114 (full 12):
 def new generation   total 43328K, used 1079K [0x04a00000, 0x07900000, 0x19f50000)
  eden space 38528K,   0% used [0x04a00000, 0x04a00000, 0x06fa0000)
  from space 4800K,  22% used [0x07450000, 0x0755df50, 0x07900000)
  to   space 4800K,   0% used [0x06fa0000, 0x06fa0000, 0x07450000)
 tenured generation   total 96024K, used 92657K [0x19f50000, 0x1fd16000, 0x44a00000)
   the space 96024K,  96% used [0x19f50000, 0x1f9cc600, 0x1f9cc600, 0x1fd16000)
 Metaspace       used 55966K, capacity 60015K, committed 60032K, reserved 60800K
}
Event: 40560.070 GC heap before
{Heap before GC invocations=1114 (full 12):
 def new generation   total 43328K, used 39607K [0x04a00000, 0x07900000, 0x19f50000)
  eden space 38528K, 100% used [0x04a00000, 0x06fa0000, 0x06fa0000)
  from space 4800K,  22% used [0x07450000, 0x0755df50, 0x07900000)
  to   space 4800K,   0% used [0x06fa0000, 0x06fa0000, 0x07450000)
 tenured generation   total 96024K, used 92657K [0x19f50000, 0x1fd16000, 0x44a00000)
   the space 96024K,  96% used [0x19f50000, 0x1f9cc600, 0x1f9cc600, 0x1fd16000)
 Metaspace       used 55966K, capacity 60015K, committed 60032K, reserved 60800K
Event: 40560.090 GC heap after
Heap after GC invocations=1115 (full 12):
 def new generation   total 43328K, used 3321K [0x04a00000, 0x07900000, 0x19f50000)
  eden space 38528K,   0% used [0x04a00000, 0x04a00000, 0x06fa0000)
  from space 4800K,  69% used [0x06fa0000, 0x072de698, 0x07450000)
  to   space 4800K,   0% used [0x07450000, 0x07450000, 0x07900000)
 tenured generation   total 96024K, used 92657K [0x19f50000, 0x1fd16000, 0x44a00000)
   the space 96024K,  96% used [0x19f50000, 0x1f9cc600, 0x1f9cc600, 0x1fd16000)
 Metaspace       used 55966K, capacity 60015K, committed 60032K, reserved 60800K
}
Event: 40658.652 GC heap before
{Heap before GC invocations=1115 (full 12):
 def new generation   total 43328K, used 41849K [0x04a00000, 0x07900000, 0x19f50000)
  eden space 38528K, 100% used [0x04a00000, 0x06fa0000, 0x06fa0000)
  from space 4800K,  69% used [0x06fa0000, 0x072de698, 0x07450000)
  to   space 4800K,   0% used [0x07450000, 0x07450000, 0x07900000)
 tenured generation   total 96024K, used 92657K [0x19f50000, 0x1fd16000, 0x44a00000)
   the space 96024K,  96% used [0x19f50000, 0x1f9cc600, 0x1f9cc600, 0x1fd16000)
 Metaspace       used 56133K, capacity 60267K, committed 60288K, reserved 60800K
Event: 40658.669 GC heap after
Heap after GC invocations=1116 (full 12):
 def new generation   total 43328K, used 1141K [0x04a00000, 0x07900000, 0x19f50000)
  eden space 38528K,   0% used [0x04a00000, 0x04a00000, 0x06fa0000)
  from space 4800K,  23% used [0x07450000, 0x0756d708, 0x07900000)
  to   space 4800K,   0% used [0x06fa0000, 0x06fa0000, 0x07450000)
 tenured generation   total 96024K, used 94354K [0x19f50000, 0x1fd16000, 0x44a00000)
   the space 96024K,  98% used [0x19f50000, 0x1fb749a0, 0x1fb74a00, 0x1fd16000)
 Metaspace       used 56133K, capacity 60267K, committed 60288K, reserved 60800K
}

Deoptimization events (0 events):
No events

Internal exceptions (10 events):
Event: 40669.297 Thread 0x4c312000 Exception <a 'java/io/IOException'> (0x06416330) thrown at [C:\re\workspace\8-2-build-windows-i586-cygwin\jdk8u102\7268\hotspot\src\share\vm\prims\jni.cpp, line 709]
Event: 40669.298 Thread 0x4c312000 Exception <a 'java/io/IOException'> (0x0641dc08) thrown at [C:\re\workspace\8-2-build-windows-i586-cygwin\jdk8u102\7268\hotspot\src\share\vm\prims\jni.cpp, line 709]
Event: 40669.298 Thread 0x4c312000 Exception <a 'java/io/IOException'> (0x0641dea8) thrown at [C:\re\workspace\8-2-build-windows-i586-cygwin\jdk8u102\7268\hotspot\src\share\vm\prims\jni.cpp, line 709]
Event: 40669.299 Thread 0x4c312000 Exception <a 'java/io/IOException'> (0x0641e118) thrown at [C:\re\workspace\8-2-build-windows-i586-cygwin\jdk8u102\7268\hotspot\src\share\vm\prims\jni.cpp, line 709]
Event: 40669.300 Thread 0x4c312000 Exception <a 'java/io/IOException'> (0x064259c0) thrown at [C:\re\workspace\8-2-build-windows-i586-cygwin\jdk8u102\7268\hotspot\src\share\vm\prims\jni.cpp, line 709]
Event: 40669.300 Thread 0x4c312000 Exception <a 'java/io/IOException'> (0x06425c60) thrown at [C:\re\workspace\8-2-build-windows-i586-cygwin\jdk8u102\7268\hotspot\src\share\vm\prims\jni.cpp, line 709]
Event: 40669.300 Thread 0x4c312000 Exception <a 'java/io/IOException'> (0x06425ed0) thrown at [C:\re\workspace\8-2-build-windows-i586-cygwin\jdk8u102\7268\hotspot\src\share\vm\prims\jni.cpp, line 709]
Event: 40669.345 Thread 0x478af000 Exception <a 'java/lang/InterruptedException'> (0x065182b8) thrown at [C:\re\workspace\8-2-build-windows-i586-cygwin\jdk8u102\7268\hotspot\src\share\vm\runtime\objectMonitor.cpp, line 1684]
Event: 40669.347 Thread 0x469cf000 Exception <a 'java/lang/InterruptedException'> (0x064b0860) thrown at [C:\re\workspace\8-2-build-windows-i586-cygwin\jdk8u102\7268\hotspot\src\share\vm\runtime\objectMonitor.cpp, line 1684]
Event: 40669.347 Thread 0x469a3c00 Exception <a 'java/lang/InterruptedException'> (0x065823c0) thrown at [C:\re\workspace\8-2-build-windows-i586-cygwin\jdk8u102\7268\hotspot\src\share\vm\runtime\objectMonitor.cpp, line 1684]

Events (10 events):
Event: 40669.356 Thread 0x4c312000 Thread exited: 0x4c312000
Event: 40669.356 Executing VM operation: RevokeBias
Event: 40669.356 Executing VM operation: RevokeBias done
Event: 40669.357 loading class java/util/IdentityHashMap$KeyIterator
Event: 40669.357 loading class java/util/IdentityHashMap$IdentityHashMapIterator
Event: 40669.358 loading class java/util/IdentityHashMap$IdentityHashMapIterator done
Event: 40669.358 loading class java/util/IdentityHashMap$KeyIterator done
Event: 40669.358 Thread 0x4c30f000 Thread added: 0x4c30f000
Event: 40669.359 Thread 0x4c30f000 Thread exited: 0x4c30f000
Event: 40669.360 Executing VM operation: Exit


Dynamic libraries:
0x00280000 - 0x002e8000 	C:\Analog Devices\CrossCore Embedded Studio 2.11.1\Eclipse\cces.exe
0x77970000 - 0x77b14000 	C:\WINDOWS\SYSTEM32\ntdll.dll
0x76e70000 - 0x76f60000 	C:\WINDOWS\System32\KERNEL32.DLL
0x71450000 - 0x71462000 	C:\Program Files\AVAST Software\Avast\x86\aswhook.dll
0x75bd0000 - 0x75dec000 	C:\WINDOWS\System32\KERNELBASE.dll
0x760b0000 - 0x7624d000 	C:\WINDOWS\System32\USER32.dll
0x768c0000 - 0x768d8000 	C:\WINDOWS\System32\win32u.dll
0x75ba0000 - 0x75bc3000 	C:\WINDOWS\System32\GDI32.dll
0x767e0000 - 0x768c0000 	C:\WINDOWS\System32\gdi32full.dll
0x76030000 - 0x760ab000 	C:\WINDOWS\System32\msvcp_win.dll
0x75830000 - 0x75950000 	C:\WINDOWS\System32\ucrtbase.dll
0x71240000 - 0x71450000 	C:\WINDOWS\WinSxS\x86_microsoft.windows.common-controls_6595b64144ccf1df_6.0.19041.1110_none_a8625c1886757984\COMCTL32.dll
0x75a20000 - 0x75adf000 	C:\WINDOWS\System32\msvcrt.dll
0x76c10000 - 0x76c36000 	C:\WINDOWS\System32\IMM32.DLL
0x68250000 - 0x68273000 	C:\Analog Devices\CrossCore Embedded Studio 2.11.1\Eclipse\plugins\org.eclipse.equinox.launcher.win32.win32.x86_1.1.800.v20180827-1352\eclipse_1705.dll
0x766c0000 - 0x7673b000 	C:\WINDOWS\System32\ADVAPI32.dll
0x75fb0000 - 0x76026000 	C:\WINDOWS\System32\sechost.dll
0x762d0000 - 0x7638e000 	C:\WINDOWS\System32\RPCRT4.dll
0x75720000 - 0x75728000 	C:\WINDOWS\SYSTEM32\VERSION.dll
0x57ee0000 - 0x582ad000 	C:\Analog Devices\CrossCore Embedded Studio 2.11.1\Eclipse\jre\bin\client\jvm.dll
0x767d0000 - 0x767d6000 	C:\WINDOWS\System32\PSAPI.DLL
0x725d0000 - 0x725d8000 	C:\WINDOWS\SYSTEM32\WSOCK32.dll
0x763e0000 - 0x76443000 	C:\WINDOWS\System32\WS2_32.dll
0x72ba0000 - 0x72bc8000 	C:\WINDOWS\SYSTEM32\WINMM.dll
0x67fa0000 - 0x6805f000 	C:\WINDOWS\SYSTEM32\MSVCR100.dll
0x68240000 - 0x6824c000 	C:\Analog Devices\CrossCore Embedded Studio 2.11.1\Eclipse\jre\bin\verify.dll
0x59600000 - 0x59621000 	C:\Analog Devices\CrossCore Embedded Studio 2.11.1\Eclipse\jre\bin\java.dll
0x5fcc0000 - 0x5fcd3000 	C:\Analog Devices\CrossCore Embedded Studio 2.11.1\Eclipse\jre\bin\zip.dll
0x773a0000 - 0x77957000 	C:\WINDOWS\System32\SHELL32.dll
0x71f90000 - 0x7259c000 	C:\WINDOWS\SYSTEM32\windows.storage.dll
0x76980000 - 0x76c01000 	C:\WINDOWS\System32\combase.dll
0x71f60000 - 0x71f87000 	C:\WINDOWS\SYSTEM32\Wldp.dll
0x76d30000 - 0x76db7000 	C:\WINDOWS\System32\SHCORE.dll
0x76390000 - 0x763d5000 	C:\WINDOWS\System32\shlwapi.dll
0x71f40000 - 0x71f58000 	C:\WINDOWS\SYSTEM32\profapi.dll
0x71e20000 - 0x71e33000 	C:\WINDOWS\SYSTEM32\CRYPTSP.dll
0x71df0000 - 0x71e1f000 	C:\WINDOWS\system32\rsaenh.dll
0x75b20000 - 0x75b39000 	C:\WINDOWS\System32\bcrypt.dll
0x739a0000 - 0x739c5000 	C:\WINDOWS\SYSTEM32\USERENV.dll
0x75b40000 - 0x75b9f000 	C:\WINDOWS\System32\bcryptprimitives.dll
0x71de0000 - 0x71dea000 	C:\WINDOWS\SYSTEM32\CRYPTBASE.dll
0x595e0000 - 0x595f6000 	C:\Analog Devices\CrossCore Embedded Studio 2.11.1\Eclipse\jre\bin\net.dll
0x71e40000 - 0x71e92000 	C:\WINDOWS\system32\mswsock.dll
0x73200000 - 0x73232000 	C:\WINDOWS\SYSTEM32\IPHLPAPI.DLL
0x75e50000 - 0x75e57000 	C:\WINDOWS\System32\NSI.dll
0x71ec0000 - 0x71ed4000 	C:\WINDOWS\SYSTEM32\dhcpcsvc6.DLL
0x71ea0000 - 0x71eb6000 	C:\WINDOWS\SYSTEM32\dhcpcsvc.DLL
0x73160000 - 0x731f1000 	C:\WINDOWS\SYSTEM32\DNSAPI.dll
0x67f50000 - 0x67f5f000 	C:\Analog Devices\CrossCore Embedded Studio 2.11.1\Eclipse\jre\bin\nio.dll
0x70a90000 - 0x70b04000 	C:\WINDOWS\system32\uxtheme.dll
0x75e60000 - 0x75f34000 	C:\WINDOWS\System32\MSCTF.dll
0x768e0000 - 0x76976000 	C:\WINDOWS\System32\OLEAUT32.dll
0x75730000 - 0x7573f000 	C:\WINDOWS\SYSTEM32\kernel.appcore.dll
0x70400000 - 0x704ba000 	C:\WINDOWS\SYSTEM32\textinputframework.dll
0x70360000 - 0x703fb000 	C:\WINDOWS\System32\CoreMessaging.dll
0x700e0000 - 0x7035e000 	C:\WINDOWS\System32\CoreUIComponents.dll
0x70000000 - 0x700db000 	C:\WINDOWS\SYSTEM32\wintypes.dll
0x71f10000 - 0x71f39000 	C:\WINDOWS\SYSTEM32\ntmarta.dll
0x59570000 - 0x595da000 	C:\Analog Devices\CrossCore Embedded Studio 2.11.1\Eclipse\configuration\org.eclipse.osgi\470\0\.cp\swt-win32-4919.dll
0x76c40000 - 0x76d23000 	C:\WINDOWS\System32\ole32.dll
0x76dc0000 - 0x76e6f000 	C:\WINDOWS\System32\COMDLG32.dll
0x76450000 - 0x7654a000 	C:\WINDOWS\System32\CRYPT32.dll
0x6eac0000 - 0x6eb33000 	C:\WINDOWS\SYSTEM32\WINSPOOL.DRV
0x65c20000 - 0x65c37000 	C:\WINDOWS\SYSTEM32\USP10.dll
0x72740000 - 0x72b96000 	C:\WINDOWS\SYSTEM32\WININET.dll
0x6f7d0000 - 0x6f892000 	C:\WINDOWS\SYSTEM32\propsys.dll
0x759a0000 - 0x75a1e000 	C:\WINDOWS\System32\clbcatq.dll
0x59540000 - 0x59561000 	C:\Analog Devices\CrossCore Embedded Studio 2.11.1\Eclipse\configuration\org.eclipse.osgi\470\0\.cp\swt-gdip-win32-4919.dll
0x70f50000 - 0x710b7000 	C:\WINDOWS\WinSxS\x86_microsoft.windows.gdiplus_6595b64144ccf1df_1.1.19041.2251_none_d9513b1fe1046fc7\gdiplus.dll
0x706f0000 - 0x70861000 	C:\WINDOWS\SYSTEM32\WindowsCodecs.dll
0x70870000 - 0x70904000 	C:\WINDOWS\SYSTEM32\TextShaping.dll
0x6c7b0000 - 0x6c803000 	C:\WINDOWS\SYSTEM32\oleacc.dll
0x59500000 - 0x59534000 	C:\WINDOWS\system32\mlang.dll
0x4a870000 - 0x4a87c000 	C:\Analog Devices\CrossCore Embedded Studio 2.11.1\Eclipse\configuration\org.eclipse.osgi\205\0\.cp\os\win32\x86\localfile_1_0_0.dll
0x57d90000 - 0x57ede000 	C:\Analog Devices\CrossCore Embedded Studio 2.11.1\System\TpsdkServer.dll
0x739d0000 - 0x739e5000 	C:\WINDOWS\SYSTEM32\VCRUNTIME140.dll
0x72bd0000 - 0x72c3d000 	C:\WINDOWS\SYSTEM32\MSVCP140.dll
0x594e0000 - 0x594f7000 	C:\Analog Devices\CrossCore Embedded Studio 2.11.1\Eclipse\configuration\org.eclipse.osgi\210\0\.cp\os\win32\x86\win32refresh.dll
0x66950000 - 0x6695f000 	C:\Analog Devices\CrossCore Embedded Studio 2.11.1\Eclipse\configuration\org.eclipse.osgi\208\0\.cp\jWinHttp-1.0.0.dll
0x72650000 - 0x7271b000 	C:\WINDOWS\SYSTEM32\WINHTTP.dll
0x6d7e0000 - 0x6d811000 	C:\WINDOWS\system32\dataexchange.dll
0x6d490000 - 0x6d670000 	C:\WINDOWS\system32\d3d11.dll
0x6d670000 - 0x6d7d5000 	C:\WINDOWS\system32\dcomp.dll
0x6d8d0000 - 0x6d992000 	C:\WINDOWS\system32\dxgi.dll
0x6f8a0000 - 0x6fa2f000 	C:\WINDOWS\system32\twinapi.appcore.dll
0x66740000 - 0x668e7000 	C:\WINDOWS\system32\explorerframe.dll
0x71230000 - 0x71236000 	C:\WINDOWS\SYSTEM32\msimg32.dll
0x6dd70000 - 0x6dd81000 	C:\WINDOWS\system32\napinsp.dll
0x6dd50000 - 0x6dd66000 	C:\WINDOWS\system32\pnrpnsp.dll
0x6e870000 - 0x6e880000 	C:\WINDOWS\system32\wshbth.dll
0x6dd30000 - 0x6dd46000 	C:\WINDOWS\system32\NLAapi.dll
0x6dd20000 - 0x6dd2e000 	C:\WINDOWS\System32\winrnr.dll
0x71790000 - 0x71798000 	C:\Windows\System32\rasadhlp.dll
0x71730000 - 0x71789000 	C:\WINDOWS\System32\fwpuclnt.dll
0x57a00000 - 0x57c07000 	C:\Analog Devices\CrossCore Embedded Studio 2.11.1\System\flex.dll
0x75950000 - 0x7599d000 	C:\WINDOWS\System32\WINTRUST.dll
0x67d50000 - 0x67d64000 	C:\WINDOWS\SYSTEM32\NETAPI32.dll
0x71600000 - 0x7160e000 	C:\WINDOWS\SYSTEM32\MSASN1.dll
0x57990000 - 0x579f4000 	C:\Analog Devices\CrossCore Embedded Studio 2.11.1\System\ADspCommon.dll
0x63260000 - 0x6343d000 	C:\Windows\System32\msxml6.dll
0x639a0000 - 0x639bb000 	C:\WINDOWS\SYSTEM32\edputil.dll
0x594c0000 - 0x594d2000 	C:\Analog Devices\CrossCore Embedded Studio 2.11.1\Eclipse\plugins\org.eclipse.cdt.core.win32.x86_5.4.1.201811180605\os\win32\x86\spawner.dll
0x576c0000 - 0x57986000 	C:\Analog Devices\CrossCore Embedded Studio 2.11.1\System\cftarget.dll
0x56fb0000 - 0x5721e000 	C:\Analog Devices\CrossCore Embedded Studio 2.11.1\System\xerces-c_3_2.dll
0x57220000 - 0x576c0000 	C:\WINDOWS\SYSTEM32\mfc140.dll
0x56d30000 - 0x56fa7000 	C:\Analog Devices\CrossCore Embedded Studio 2.11.1\System\Sim10x.dll
0x56ab0000 - 0x56d2f000 	C:\Analog Devices\CrossCore Embedded Studio 2.11.1\System\WmBlackfinIce.dll
0x56860000 - 0x56aad000 	C:\Analog Devices\CrossCore Embedded Studio 2.11.1\System\WmSDUBlackfin.dll
0x56600000 - 0x5685f000 	C:\Analog Devices\CrossCore Embedded Studio 2.11.1\System\simzpls.dll
0x562e0000 - 0x565fe000 	C:\Analog Devices\CrossCore Embedded Studio 2.11.1\System\WmSharcIce.dll
0x56110000 - 0x562e0000 	C:\Analog Devices\CrossCore Embedded Studio 2.11.1\System\emublackfin.dll
0x55f70000 - 0x56104000 	C:\Analog Devices\CrossCore Embedded Studio 2.11.1\System\emutarget.dll
0x55db0000 - 0x55f69000 	C:\Analog Devices\CrossCore Embedded Studio 2.11.1\System\emucoresharc11.dll
0x55bf0000 - 0x55daf000 	C:\Analog Devices\CrossCore Embedded Studio 2.11.1\System\emucorearm.dll
0x639c0000 - 0x639cc000 	C:\Analog Devices\CrossCore Embedded Studio 2.11.1\System\WmKitSelector.dll
0x59430000 - 0x59451000 	C:\Analog Devices\CrossCore Embedded Studio 2.11.1\System\libusb-1.0.dll
0x75ae0000 - 0x75b1b000 	C:\WINDOWS\System32\Cfgmgr32.DLL
0x76f60000 - 0x77394000 	C:\WINDOWS\System32\SetupAPI.DLL
0x725a0000 - 0x725c4000 	C:\WINDOWS\SYSTEM32\DEVOBJ.dll
0x55a60000 - 0x55be5000 	C:\Analog Devices\CrossCore Embedded Studio 2.11.1\System\WmSonar.dll
0x63990000 - 0x63998000 	C:\Analog Devices\CrossCore Embedded Studio 2.11.1\System\libusbmux.dll
0x68280000 - 0x682b6000 	C:\Analog Devices\CrossCore Embedded Studio 2.11.1\System\procsharc.dll
0x66c10000 - 0x66cb9000 	C:\Analog Devices\CrossCore Embedded Studio 2.11.1\System\Symman.dll
0x6cd70000 - 0x6cd8b000 	C:\Analog Devices\CrossCore Embedded Studio 2.11.1\System\libelf.dll
0x67d70000 - 0x67d7a000 	C:\WINDOWS\SYSTEM32\WinUSB.DLL
0x6c790000 - 0x6c79a000 	C:\WINDOWS\SYSTEM32\hid.DLL
0x66bc0000 - 0x66c06000 	C:\WINDOWS\SYSTEM32\UsbDkHelper.DLL
0x68220000 - 0x6822a000 	C:\Analog Devices\CrossCore Embedded Studio 2.11.1\System\slad.dll

VM Arguments:
jvm_args: -Xmx1024M -Dosgi.instance.area.default=@user.home/cces/2.11.1 
java_command: <unknown>
java_class_path (initial): C:\Analog Devices\CrossCore Embedded Studio 2.11.1\Eclipse\\plugins/org.eclipse.equinox.launcher_1.5.100.v20180827-1352.jar
Launcher Type: generic

Environment Variables:
JAVA_HOME=C:\Program Files\Java\jdk-14
PATH=C:/Analog Devices/CrossCore Embedded Studio 2.11.1//Eclipse/jre/bin/client;C:/Analog Devices/CrossCore Embedded Studio 2.11.1//Eclipse/jre/bin;C:/Analog Devices/CrossCore Embedded Studio 2.11.1//Eclipse/jre/lib/i386;C:\Program Files\Eclipse Foundation\jdk-8.0.302.8-hotspot\bin;C:\Program Files (x86)\VMware\VMware Workstation\bin\;C:\Program Files (x86)\Common Files\Intel\Shared Libraries\intel64\;C:\Program Files (x86)\Common Files\Intel\Shared Libraries\ia32\;C:\Program Files (x86)\Common Files\Intel\Shared Libraries\;C:\Program Files (x86)\IntelSWTools\system_studio_2020\OpenCL\sdk\bin\x64;C:\Program Files (x86)\IntelSWTools\system_studio_2020\OpenCL\sdk\bin\x86;C:\WINDOWS\system32;C:\WINDOWS;C:\WINDOWS\System32\Wbem;C:\WINDOWS\System32\WindowsPowerShell\v1.0\;C:\WINDOWS\System32\OpenSSH\;C:\Program Files\Java\jdk-14\bin;C:\Program Files\Microchip\xc16\v1.70\bin;C:\Program Files\PuTTY\;C:\Program Files\Git\cmd;C:\Program Files\dotnet\;C:\Program Files\nodejs\;C:\Program Files\MySQL\MySQL Shell 8.0\bin\;C:\Program Files\Java\jdk-14\bin;C:\Users\DT User6\.dotnet\tools;C:\Program Files\JetBrains\PyCharm Community Edition 2022.1.4\bin;;C:\Users\DT User6\AppData\Roaming\npm;C:\Analog Devices\CrossCore Embedded Studio 2.11.1\Eclipse;
USERNAME=DT User6
OS=Windows_NT
PROCESSOR_IDENTIFIER=Intel64 Family 6 Model 61 Stepping 4, GenuineIntel



---------------  S Y S T E M  ---------------

OS: Windows 10.0 , 64 bit Build 19041 (10.0.19041.2546)

CPU:total 4 (2 cores per cpu, 2 threads per core) family 6 model 61 stepping 4, cmov, cx8, fxsr, mmx, sse, sse2, sse3, ssse3, sse4.1, sse4.2, popcnt, avx, avx2, aes, clmul, erms, rtm, 3dnowpref, lzcnt, ht, tsc, tscinvbit, bmi1, bmi2, adx

Memory: 4k page, physical 8260716k(2347420k free), swap 16521432k(6128556k free)

vm_info: Java HotSpot(TM) Client VM (25.102-b14) for windows-x86 JRE (1.8.0_102-b14), built on Jun 22 2016 13:13:29 by "java_re" with MS VC++ 10.0 (VS2010)

time: Thu Feb 02 08:22:40 2023
elapsed time: 40670 seconds (0d 11h 17m 50s)

